ERROR - 2022-12-02 14:16:08 --> Error connecting to the database: ErrorException: mysqli::real_connect(): Error while reading greeting packet. PID=182 in /app/system/Database/MySQLi/Connection.php:171
Stack trace:
#0 [internal function]: CodeIgniter\Debug\Exceptions->errorHandler()
#1 /app/system/Database/MySQLi/Connection.php(171): mysqli->real_connect()
#2 /app/system/Database/BaseConnection.php(382): CodeIgniter\Database\MySQLi\Connection->connect()
#3 /app/system/Database/BaseConnection.php(561): CodeIgniter\Database\BaseConnection->initialize()
#4 /app/system/Database/BaseBuilder.php(1585): CodeIgniter\Database\BaseConnection->query()
#5 /app/system/Model.php(250): CodeIgniter\Database\BaseBuilder->get()
#6 /app/system/BaseModel.php(623): CodeIgniter\Model->doFirst()
#7 /app/app/Validation/UserRules.php(10): CodeIgniter\BaseModel->first()
#8 /app/system/Validation/Validation.php(315): App\Validation\UserRules->validateUser()
#9 /app/system/Validation/Validation.php(175): CodeIgniter\Validation\Validation->processRules()
#10 /app/system/Controller.php(140): CodeIgniter\Validation\Validation->run()
#11 /app/app/Controllers/Users.php(24): CodeIgniter\Controller->validate()
#12 /app/system/CodeIgniter.php(927): App\Controllers\Users->index()
#13 /app/system/CodeIgniter.php(482): CodeIgniter\CodeIgniter->runController()
#14 /app/system/CodeIgniter.php(351): CodeIgniter\CodeIgniter->handleRequest()
#15 /app/public/index.php(67): CodeIgniter\CodeIgniter->run()
#16 {main}

Next mysqli_sql_exception: MySQL server has gone away in /app/system/Database/MySQLi/Connection.php:171
Stack trace:
#0 /app/system/Database/MySQLi/Connection.php(171): mysqli->real_connect()
#1 /app/system/Database/BaseConnection.php(382): CodeIgniter\Database\MySQLi\Connection->connect()
#2 /app/system/Database/BaseConnection.php(561): CodeIgniter\Database\BaseConnection->initialize()
#3 /app/system/Database/BaseBuilder.php(1585): CodeIgniter\Database\BaseConnection->query()
#4 /app/system/Model.php(250): CodeIgniter\Database\BaseBuilder->get()
#5 /app/system/BaseModel.php(623): CodeIgniter\Model->doFirst()
#6 /app/app/Validation/UserRules.php(10): CodeIgniter\BaseModel->first()
#7 /app/system/Validation/Validation.php(315): App\Validation\UserRules->validateUser()
#8 /app/system/Validation/Validation.php(175): CodeIgniter\Validation\Validation->processRules()
#9 /app/system/Controller.php(140): CodeIgniter\Validation\Validation->run()
#10 /app/app/Controllers/Users.php(24): CodeIgniter\Controller->validate()
#11 /app/system/CodeIgniter.php(927): App\Controllers\Users->index()
#12 /app/system/CodeIgniter.php(482): CodeIgniter\CodeIgniter->runController()
#13 /app/system/CodeIgniter.php(351): CodeIgniter\CodeIgniter->handleRequest()
#14 /app/public/index.php(67): CodeIgniter\CodeIgniter->run()
#15 {main}

Next CodeIgniter\Database\Exceptions\DatabaseException: MySQL server has gone away in /app/system/Database/MySQLi/Connection.php:215
Stack trace:
#0 /app/system/Database/BaseConnection.php(382): CodeIgniter\Database\MySQLi\Connection->connect()
#1 /app/system/Database/BaseConnection.php(561): CodeIgniter\Database\BaseConnection->initialize()
#2 /app/system/Database/BaseBuilder.php(1585): CodeIgniter\Database\BaseConnection->query()
#3 /app/system/Model.php(250): CodeIgniter\Database\BaseBuilder->get()
#4 /app/system/BaseModel.php(623): CodeIgniter\Model->doFirst()
#5 /app/app/Validation/UserRules.php(10): CodeIgniter\BaseModel->first()
#6 /app/system/Validation/Validation.php(315): App\Validation\UserRules->validateUser()
#7 /app/system/Validation/Validation.php(175): CodeIgniter\Validation\Validation->processRules()
#8 /app/system/Controller.php(140): CodeIgniter\Validation\Validation->run()
#9 /app/app/Controllers/Users.php(24): CodeIgniter\Controller->validate()
#10 /app/system/CodeIgniter.php(927): App\Controllers\Users->index()
#11 /app/system/CodeIgniter.php(482): CodeIgniter\CodeIgniter->runController()
#12 /app/system/CodeIgniter.php(351): CodeIgniter\CodeIgniter->handleRequest()
#13 /app/public/index.php(67): CodeIgniter\CodeIgniter->run()
#14 {main}
CRITICAL - 2022-12-02 14:16:08 --> Unable to connect to the database.
Main connection [MySQLi]: MySQL server has gone away
in SYSTEMPATH/Database/BaseConnection.php on line 418.
 1 SYSTEMPATH/Database/BaseConnection.php(561): CodeIgniter\Database\BaseConnection->initialize()
 2 SYSTEMPATH/Database/BaseBuilder.php(1585): CodeIgniter\Database\BaseConnection->query()
 3 SYSTEMPATH/Model.php(250): CodeIgniter\Database\BaseBuilder->get()
 4 SYSTEMPATH/BaseModel.php(623): CodeIgniter\Model->doFirst()
 5 APPPATH/Validation/UserRules.php(10): CodeIgniter\BaseModel->first()
 6 SYSTEMPATH/Validation/Validation.php(315): App\Validation\UserRules->validateUser()
 7 SYSTEMPATH/Validation/Validation.php(175): CodeIgniter\Validation\Validation->processRules()
 8 SYSTEMPATH/Controller.php(140): CodeIgniter\Validation\Validation->run()
 9 APPPATH/Controllers/Users.php(24): CodeIgniter\Controller->validate()
10 SYSTEMPATH/CodeIgniter.php(927): App\Controllers\Users->index()
11 SYSTEMPATH/CodeIgniter.php(482): CodeIgniter\CodeIgniter->runController()
12 SYSTEMPATH/CodeIgniter.php(351): CodeIgniter\CodeIgniter->handleRequest()
13 FCPATH/index.php(67): CodeIgniter\CodeIgniter->run()
