CRITICAL - 2022-11-23 08:43:31 --> Undefined variable $title
in APPPATH/Views/templates/header.php on line 11.
 1 APPPATH/Views/templates/header.php(11): CodeIgniter\Debug\Exceptions->errorHandler()
 2 SYSTEMPATH/View/View.php(213): include('APPPATH/Views/templates/header.php')
 3 SYSTEMPATH/View/View.php(216): CodeIgniter\View\View->CodeIgniter\View\{closure}()
 4 SYSTEMPATH/Common.php(1134): CodeIgniter\View\View->render()
 5 APPPATH/Controllers/Users.php(11): view()
 6 SYSTEMPATH/CodeIgniter.php(927): App\Controllers\Users->index()
 7 SYSTEMPATH/CodeIgniter.php(482): CodeIgniter\CodeIgniter->runController()
 8 SYSTEMPATH/CodeIgniter.php(351): CodeIgniter\CodeIgniter->handleRequest()
 9 FCPATH/index.php(67): CodeIgniter\CodeIgniter->run()
CRITICAL - 2022-11-23 08:44:44 --> Undefined variable $title
in APPPATH/Views/templates/header.php on line 11.
 1 APPPATH/Views/templates/header.php(11): CodeIgniter\Debug\Exceptions->errorHandler()
 2 SYSTEMPATH/View/View.php(213): include('APPPATH/Views/templates/header.php')
 3 SYSTEMPATH/View/View.php(216): CodeIgniter\View\View->CodeIgniter\View\{closure}()
 4 SYSTEMPATH/Common.php(1134): CodeIgniter\View\View->render()
 5 APPPATH/Controllers/Users.php(12): view()
 6 SYSTEMPATH/CodeIgniter.php(927): App\Controllers\Users->index()
 7 SYSTEMPATH/CodeIgniter.php(482): CodeIgniter\CodeIgniter->runController()
 8 SYSTEMPATH/CodeIgniter.php(351): CodeIgniter\CodeIgniter->handleRequest()
 9 FCPATH/index.php(67): CodeIgniter\CodeIgniter->run()
CRITICAL - 2022-11-23 08:46:09 --> Invalid file: templates/login.php
in SYSTEMPATH/Exceptions/FrameworkException.php on line 33.
 1 SYSTEMPATH/View/View.php(201): CodeIgniter\Exceptions\FrameworkException::forInvalidFile()
 2 SYSTEMPATH/Common.php(1134): CodeIgniter\View\View->render()
 3 APPPATH/Controllers/Users.php(13): view()
 4 SYSTEMPATH/CodeIgniter.php(927): App\Controllers\Users->index()
 5 SYSTEMPATH/CodeIgniter.php(482): CodeIgniter\CodeIgniter->runController()
 6 SYSTEMPATH/CodeIgniter.php(351): CodeIgniter\CodeIgniter->handleRequest()
 7 FCPATH/index.php(67): CodeIgniter\CodeIgniter->run()
CRITICAL - 2022-11-23 08:46:10 --> Invalid file: templates/login.php
in SYSTEMPATH/Exceptions/FrameworkException.php on line 33.
 1 SYSTEMPATH/View/View.php(201): CodeIgniter\Exceptions\FrameworkException::forInvalidFile()
 2 SYSTEMPATH/Common.php(1134): CodeIgniter\View\View->render()
 3 APPPATH/Controllers/Users.php(13): view()
 4 SYSTEMPATH/CodeIgniter.php(927): App\Controllers\Users->index()
 5 SYSTEMPATH/CodeIgniter.php(482): CodeIgniter\CodeIgniter->runController()
 6 SYSTEMPATH/CodeIgniter.php(351): CodeIgniter\CodeIgniter->handleRequest()
 7 FCPATH/index.php(67): CodeIgniter\CodeIgniter->run()
ERROR - 2022-11-23 11:55:13 --> Error connecting to the database: mysqli_sql_exception: Unknown database 'login' in /app/system/Database/MySQLi/Connection.php:171
Stack trace:
#0 /app/system/Database/MySQLi/Connection.php(171): mysqli->real_connect()
#1 /app/system/Database/BaseConnection.php(382): CodeIgniter\Database\MySQLi\Connection->connect()
#2 /app/system/Database/BaseConnection.php(561): CodeIgniter\Database\BaseConnection->initialize()
#3 /app/system/Database/BaseBuilder.php(1585): CodeIgniter\Database\BaseConnection->query()
#4 /app/system/Validation/Rules.php(142): CodeIgniter\Database\BaseBuilder->get()
#5 /app/system/Validation/Validation.php(315): CodeIgniter\Validation\Rules->is_unique()
#6 /app/system/Validation/Validation.php(175): CodeIgniter\Validation\Validation->processRules()
#7 /app/system/Controller.php(140): CodeIgniter\Validation\Validation->run()
#8 /app/app/Controllers/Users.php(31): CodeIgniter\Controller->validate()
#9 /app/system/CodeIgniter.php(927): App\Controllers\Users->register()
#10 /app/system/CodeIgniter.php(482): CodeIgniter\CodeIgniter->runController()
#11 /app/system/CodeIgniter.php(351): CodeIgniter\CodeIgniter->handleRequest()
#12 /app/public/index.php(67): CodeIgniter\CodeIgniter->run()
#13 {main}

Next CodeIgniter\Database\Exceptions\DatabaseException: Unknown database 'login' in /app/system/Database/MySQLi/Connection.php:215
Stack trace:
#0 /app/system/Database/BaseConnection.php(382): CodeIgniter\Database\MySQLi\Connection->connect()
#1 /app/system/Database/BaseConnection.php(561): CodeIgniter\Database\BaseConnection->initialize()
#2 /app/system/Database/BaseBuilder.php(1585): CodeIgniter\Database\BaseConnection->query()
#3 /app/system/Validation/Rules.php(142): CodeIgniter\Database\BaseBuilder->get()
#4 /app/system/Validation/Validation.php(315): CodeIgniter\Validation\Rules->is_unique()
#5 /app/system/Validation/Validation.php(175): CodeIgniter\Validation\Validation->processRules()
#6 /app/system/Controller.php(140): CodeIgniter\Validation\Validation->run()
#7 /app/app/Controllers/Users.php(31): CodeIgniter\Controller->validate()
#8 /app/system/CodeIgniter.php(927): App\Controllers\Users->register()
#9 /app/system/CodeIgniter.php(482): CodeIgniter\CodeIgniter->runController()
#10 /app/system/CodeIgniter.php(351): CodeIgniter\CodeIgniter->handleRequest()
#11 /app/public/index.php(67): CodeIgniter\CodeIgniter->run()
#12 {main}
CRITICAL - 2022-11-23 11:55:13 --> Unable to connect to the database.
Main connection [MySQLi]: Unknown database 'login'
in SYSTEMPATH/Database/BaseConnection.php on line 418.
 1 SYSTEMPATH/Database/BaseConnection.php(561): CodeIgniter\Database\BaseConnection->initialize()
 2 SYSTEMPATH/Database/BaseBuilder.php(1585): CodeIgniter\Database\BaseConnection->query()
 3 SYSTEMPATH/Validation/Rules.php(142): CodeIgniter\Database\BaseBuilder->get()
 4 SYSTEMPATH/Validation/Validation.php(315): CodeIgniter\Validation\Rules->is_unique()
 5 SYSTEMPATH/Validation/Validation.php(175): CodeIgniter\Validation\Validation->processRules()
 6 SYSTEMPATH/Controller.php(140): CodeIgniter\Validation\Validation->run()
 7 APPPATH/Controllers/Users.php(31): CodeIgniter\Controller->validate()
 8 SYSTEMPATH/CodeIgniter.php(927): App\Controllers\Users->register()
 9 SYSTEMPATH/CodeIgniter.php(482): CodeIgniter\CodeIgniter->runController()
10 SYSTEMPATH/CodeIgniter.php(351): CodeIgniter\CodeIgniter->handleRequest()
11 FCPATH/index.php(67): CodeIgniter\CodeIgniter->run()
ERROR - 2022-11-23 11:55:23 --> Error connecting to the database: mysqli_sql_exception: Unknown database 'login' in /app/system/Database/MySQLi/Connection.php:171
Stack trace:
#0 /app/system/Database/MySQLi/Connection.php(171): mysqli->real_connect()
#1 /app/system/Database/BaseConnection.php(382): CodeIgniter\Database\MySQLi\Connection->connect()
#2 /app/system/Database/BaseConnection.php(561): CodeIgniter\Database\BaseConnection->initialize()
#3 /app/system/Database/BaseBuilder.php(1585): CodeIgniter\Database\BaseConnection->query()
#4 /app/system/Validation/Rules.php(142): CodeIgniter\Database\BaseBuilder->get()
#5 /app/system/Validation/Validation.php(315): CodeIgniter\Validation\Rules->is_unique()
#6 /app/system/Validation/Validation.php(175): CodeIgniter\Validation\Validation->processRules()
#7 /app/system/Controller.php(140): CodeIgniter\Validation\Validation->run()
#8 /app/app/Controllers/Users.php(31): CodeIgniter\Controller->validate()
#9 /app/system/CodeIgniter.php(927): App\Controllers\Users->register()
#10 /app/system/CodeIgniter.php(482): CodeIgniter\CodeIgniter->runController()
#11 /app/system/CodeIgniter.php(351): CodeIgniter\CodeIgniter->handleRequest()
#12 /app/public/index.php(67): CodeIgniter\CodeIgniter->run()
#13 {main}

Next CodeIgniter\Database\Exceptions\DatabaseException: Unknown database 'login' in /app/system/Database/MySQLi/Connection.php:215
Stack trace:
#0 /app/system/Database/BaseConnection.php(382): CodeIgniter\Database\MySQLi\Connection->connect()
#1 /app/system/Database/BaseConnection.php(561): CodeIgniter\Database\BaseConnection->initialize()
#2 /app/system/Database/BaseBuilder.php(1585): CodeIgniter\Database\BaseConnection->query()
#3 /app/system/Validation/Rules.php(142): CodeIgniter\Database\BaseBuilder->get()
#4 /app/system/Validation/Validation.php(315): CodeIgniter\Validation\Rules->is_unique()
#5 /app/system/Validation/Validation.php(175): CodeIgniter\Validation\Validation->processRules()
#6 /app/system/Controller.php(140): CodeIgniter\Validation\Validation->run()
#7 /app/app/Controllers/Users.php(31): CodeIgniter\Controller->validate()
#8 /app/system/CodeIgniter.php(927): App\Controllers\Users->register()
#9 /app/system/CodeIgniter.php(482): CodeIgniter\CodeIgniter->runController()
#10 /app/system/CodeIgniter.php(351): CodeIgniter\CodeIgniter->handleRequest()
#11 /app/public/index.php(67): CodeIgniter\CodeIgniter->run()
#12 {main}
CRITICAL - 2022-11-23 11:55:23 --> Unable to connect to the database.
Main connection [MySQLi]: Unknown database 'login'
in SYSTEMPATH/Database/BaseConnection.php on line 418.
 1 SYSTEMPATH/Database/BaseConnection.php(561): CodeIgniter\Database\BaseConnection->initialize()
 2 SYSTEMPATH/Database/BaseBuilder.php(1585): CodeIgniter\Database\BaseConnection->query()
 3 SYSTEMPATH/Validation/Rules.php(142): CodeIgniter\Database\BaseBuilder->get()
 4 SYSTEMPATH/Validation/Validation.php(315): CodeIgniter\Validation\Rules->is_unique()
 5 SYSTEMPATH/Validation/Validation.php(175): CodeIgniter\Validation\Validation->processRules()
 6 SYSTEMPATH/Controller.php(140): CodeIgniter\Validation\Validation->run()
 7 APPPATH/Controllers/Users.php(31): CodeIgniter\Controller->validate()
 8 SYSTEMPATH/CodeIgniter.php(927): App\Controllers\Users->register()
 9 SYSTEMPATH/CodeIgniter.php(482): CodeIgniter\CodeIgniter->runController()
10 SYSTEMPATH/CodeIgniter.php(351): CodeIgniter\CodeIgniter->handleRequest()
11 FCPATH/index.php(67): CodeIgniter\CodeIgniter->run()
ERROR - 2022-11-23 11:55:38 --> Error connecting to the database: mysqli_sql_exception: Unknown database 'login' in /app/system/Database/MySQLi/Connection.php:171
Stack trace:
#0 /app/system/Database/MySQLi/Connection.php(171): mysqli->real_connect()
#1 /app/system/Database/BaseConnection.php(382): CodeIgniter\Database\MySQLi\Connection->connect()
#2 /app/system/Database/BaseConnection.php(561): CodeIgniter\Database\BaseConnection->initialize()
#3 /app/system/Database/BaseBuilder.php(1585): CodeIgniter\Database\BaseConnection->query()
#4 /app/system/Validation/Rules.php(142): CodeIgniter\Database\BaseBuilder->get()
#5 /app/system/Validation/Validation.php(315): CodeIgniter\Validation\Rules->is_unique()
#6 /app/system/Validation/Validation.php(175): CodeIgniter\Validation\Validation->processRules()
#7 /app/system/Controller.php(140): CodeIgniter\Validation\Validation->run()
#8 /app/app/Controllers/Users.php(31): CodeIgniter\Controller->validate()
#9 /app/system/CodeIgniter.php(927): App\Controllers\Users->register()
#10 /app/system/CodeIgniter.php(482): CodeIgniter\CodeIgniter->runController()
#11 /app/system/CodeIgniter.php(351): CodeIgniter\CodeIgniter->handleRequest()
#12 /app/public/index.php(67): CodeIgniter\CodeIgniter->run()
#13 {main}

Next CodeIgniter\Database\Exceptions\DatabaseException: Unknown database 'login' in /app/system/Database/MySQLi/Connection.php:215
Stack trace:
#0 /app/system/Database/BaseConnection.php(382): CodeIgniter\Database\MySQLi\Connection->connect()
#1 /app/system/Database/BaseConnection.php(561): CodeIgniter\Database\BaseConnection->initialize()
#2 /app/system/Database/BaseBuilder.php(1585): CodeIgniter\Database\BaseConnection->query()
#3 /app/system/Validation/Rules.php(142): CodeIgniter\Database\BaseBuilder->get()
#4 /app/system/Validation/Validation.php(315): CodeIgniter\Validation\Rules->is_unique()
#5 /app/system/Validation/Validation.php(175): CodeIgniter\Validation\Validation->processRules()
#6 /app/system/Controller.php(140): CodeIgniter\Validation\Validation->run()
#7 /app/app/Controllers/Users.php(31): CodeIgniter\Controller->validate()
#8 /app/system/CodeIgniter.php(927): App\Controllers\Users->register()
#9 /app/system/CodeIgniter.php(482): CodeIgniter\CodeIgniter->runController()
#10 /app/system/CodeIgniter.php(351): CodeIgniter\CodeIgniter->handleRequest()
#11 /app/public/index.php(67): CodeIgniter\CodeIgniter->run()
#12 {main}
CRITICAL - 2022-11-23 11:55:38 --> Unable to connect to the database.
Main connection [MySQLi]: Unknown database 'login'
in SYSTEMPATH/Database/BaseConnection.php on line 418.
 1 SYSTEMPATH/Database/BaseConnection.php(561): CodeIgniter\Database\BaseConnection->initialize()
 2 SYSTEMPATH/Database/BaseBuilder.php(1585): CodeIgniter\Database\BaseConnection->query()
 3 SYSTEMPATH/Validation/Rules.php(142): CodeIgniter\Database\BaseBuilder->get()
 4 SYSTEMPATH/Validation/Validation.php(315): CodeIgniter\Validation\Rules->is_unique()
 5 SYSTEMPATH/Validation/Validation.php(175): CodeIgniter\Validation\Validation->processRules()
 6 SYSTEMPATH/Controller.php(140): CodeIgniter\Validation\Validation->run()
 7 APPPATH/Controllers/Users.php(31): CodeIgniter\Controller->validate()
 8 SYSTEMPATH/CodeIgniter.php(927): App\Controllers\Users->register()
 9 SYSTEMPATH/CodeIgniter.php(482): CodeIgniter\CodeIgniter->runController()
10 SYSTEMPATH/CodeIgniter.php(351): CodeIgniter\CodeIgniter->handleRequest()
11 FCPATH/index.php(67): CodeIgniter\CodeIgniter->run()
ERROR - 2022-11-23 11:55:55 --> Error connecting to the database: mysqli_sql_exception: Unknown database 'login' in /app/system/Database/MySQLi/Connection.php:171
Stack trace:
#0 /app/system/Database/MySQLi/Connection.php(171): mysqli->real_connect()
#1 /app/system/Database/BaseConnection.php(382): CodeIgniter\Database\MySQLi\Connection->connect()
#2 /app/system/Database/BaseConnection.php(561): CodeIgniter\Database\BaseConnection->initialize()
#3 /app/system/Database/BaseBuilder.php(1585): CodeIgniter\Database\BaseConnection->query()
#4 /app/system/Validation/Rules.php(142): CodeIgniter\Database\BaseBuilder->get()
#5 /app/system/Validation/Validation.php(315): CodeIgniter\Validation\Rules->is_unique()
#6 /app/system/Validation/Validation.php(175): CodeIgniter\Validation\Validation->processRules()
#7 /app/system/Controller.php(140): CodeIgniter\Validation\Validation->run()
#8 /app/app/Controllers/Users.php(31): CodeIgniter\Controller->validate()
#9 /app/system/CodeIgniter.php(927): App\Controllers\Users->register()
#10 /app/system/CodeIgniter.php(482): CodeIgniter\CodeIgniter->runController()
#11 /app/system/CodeIgniter.php(351): CodeIgniter\CodeIgniter->handleRequest()
#12 /app/public/index.php(67): CodeIgniter\CodeIgniter->run()
#13 {main}

Next CodeIgniter\Database\Exceptions\DatabaseException: Unknown database 'login' in /app/system/Database/MySQLi/Connection.php:215
Stack trace:
#0 /app/system/Database/BaseConnection.php(382): CodeIgniter\Database\MySQLi\Connection->connect()
#1 /app/system/Database/BaseConnection.php(561): CodeIgniter\Database\BaseConnection->initialize()
#2 /app/system/Database/BaseBuilder.php(1585): CodeIgniter\Database\BaseConnection->query()
#3 /app/system/Validation/Rules.php(142): CodeIgniter\Database\BaseBuilder->get()
#4 /app/system/Validation/Validation.php(315): CodeIgniter\Validation\Rules->is_unique()
#5 /app/system/Validation/Validation.php(175): CodeIgniter\Validation\Validation->processRules()
#6 /app/system/Controller.php(140): CodeIgniter\Validation\Validation->run()
#7 /app/app/Controllers/Users.php(31): CodeIgniter\Controller->validate()
#8 /app/system/CodeIgniter.php(927): App\Controllers\Users->register()
#9 /app/system/CodeIgniter.php(482): CodeIgniter\CodeIgniter->runController()
#10 /app/system/CodeIgniter.php(351): CodeIgniter\CodeIgniter->handleRequest()
#11 /app/public/index.php(67): CodeIgniter\CodeIgniter->run()
#12 {main}
CRITICAL - 2022-11-23 11:55:55 --> Unable to connect to the database.
Main connection [MySQLi]: Unknown database 'login'
in SYSTEMPATH/Database/BaseConnection.php on line 418.
 1 SYSTEMPATH/Database/BaseConnection.php(561): CodeIgniter\Database\BaseConnection->initialize()
 2 SYSTEMPATH/Database/BaseBuilder.php(1585): CodeIgniter\Database\BaseConnection->query()
 3 SYSTEMPATH/Validation/Rules.php(142): CodeIgniter\Database\BaseBuilder->get()
 4 SYSTEMPATH/Validation/Validation.php(315): CodeIgniter\Validation\Rules->is_unique()
 5 SYSTEMPATH/Validation/Validation.php(175): CodeIgniter\Validation\Validation->processRules()
 6 SYSTEMPATH/Controller.php(140): CodeIgniter\Validation\Validation->run()
 7 APPPATH/Controllers/Users.php(31): CodeIgniter\Controller->validate()
 8 SYSTEMPATH/CodeIgniter.php(927): App\Controllers\Users->register()
 9 SYSTEMPATH/CodeIgniter.php(482): CodeIgniter\CodeIgniter->runController()
10 SYSTEMPATH/CodeIgniter.php(351): CodeIgniter\CodeIgniter->handleRequest()
11 FCPATH/index.php(67): CodeIgniter\CodeIgniter->run()
ERROR - 2022-11-23 11:56:02 --> Error connecting to the database: mysqli_sql_exception: Unknown database 'login' in /app/system/Database/MySQLi/Connection.php:171
Stack trace:
#0 /app/system/Database/MySQLi/Connection.php(171): mysqli->real_connect()
#1 /app/system/Database/BaseConnection.php(382): CodeIgniter\Database\MySQLi\Connection->connect()
#2 /app/system/Database/BaseConnection.php(561): CodeIgniter\Database\BaseConnection->initialize()
#3 /app/system/Database/BaseBuilder.php(1585): CodeIgniter\Database\BaseConnection->query()
#4 /app/system/Validation/Rules.php(142): CodeIgniter\Database\BaseBuilder->get()
#5 /app/system/Validation/Validation.php(315): CodeIgniter\Validation\Rules->is_unique()
#6 /app/system/Validation/Validation.php(175): CodeIgniter\Validation\Validation->processRules()
#7 /app/system/Controller.php(140): CodeIgniter\Validation\Validation->run()
#8 /app/app/Controllers/Users.php(31): CodeIgniter\Controller->validate()
#9 /app/system/CodeIgniter.php(927): App\Controllers\Users->register()
#10 /app/system/CodeIgniter.php(482): CodeIgniter\CodeIgniter->runController()
#11 /app/system/CodeIgniter.php(351): CodeIgniter\CodeIgniter->handleRequest()
#12 /app/public/index.php(67): CodeIgniter\CodeIgniter->run()
#13 {main}

Next CodeIgniter\Database\Exceptions\DatabaseException: Unknown database 'login' in /app/system/Database/MySQLi/Connection.php:215
Stack trace:
#0 /app/system/Database/BaseConnection.php(382): CodeIgniter\Database\MySQLi\Connection->connect()
#1 /app/system/Database/BaseConnection.php(561): CodeIgniter\Database\BaseConnection->initialize()
#2 /app/system/Database/BaseBuilder.php(1585): CodeIgniter\Database\BaseConnection->query()
#3 /app/system/Validation/Rules.php(142): CodeIgniter\Database\BaseBuilder->get()
#4 /app/system/Validation/Validation.php(315): CodeIgniter\Validation\Rules->is_unique()
#5 /app/system/Validation/Validation.php(175): CodeIgniter\Validation\Validation->processRules()
#6 /app/system/Controller.php(140): CodeIgniter\Validation\Validation->run()
#7 /app/app/Controllers/Users.php(31): CodeIgniter\Controller->validate()
#8 /app/system/CodeIgniter.php(927): App\Controllers\Users->register()
#9 /app/system/CodeIgniter.php(482): CodeIgniter\CodeIgniter->runController()
#10 /app/system/CodeIgniter.php(351): CodeIgniter\CodeIgniter->handleRequest()
#11 /app/public/index.php(67): CodeIgniter\CodeIgniter->run()
#12 {main}
CRITICAL - 2022-11-23 11:56:02 --> Unable to connect to the database.
Main connection [MySQLi]: Unknown database 'login'
in SYSTEMPATH/Database/BaseConnection.php on line 418.
 1 SYSTEMPATH/Database/BaseConnection.php(561): CodeIgniter\Database\BaseConnection->initialize()
 2 SYSTEMPATH/Database/BaseBuilder.php(1585): CodeIgniter\Database\BaseConnection->query()
 3 SYSTEMPATH/Validation/Rules.php(142): CodeIgniter\Database\BaseBuilder->get()
 4 SYSTEMPATH/Validation/Validation.php(315): CodeIgniter\Validation\Rules->is_unique()
 5 SYSTEMPATH/Validation/Validation.php(175): CodeIgniter\Validation\Validation->processRules()
 6 SYSTEMPATH/Controller.php(140): CodeIgniter\Validation\Validation->run()
 7 APPPATH/Controllers/Users.php(31): CodeIgniter\Controller->validate()
 8 SYSTEMPATH/CodeIgniter.php(927): App\Controllers\Users->register()
 9 SYSTEMPATH/CodeIgniter.php(482): CodeIgniter\CodeIgniter->runController()
10 SYSTEMPATH/CodeIgniter.php(351): CodeIgniter\CodeIgniter->handleRequest()
11 FCPATH/index.php(67): CodeIgniter\CodeIgniter->run()
ERROR - 2022-11-23 11:58:40 --> Error connecting to the database: mysqli_sql_exception: Unknown database 'login' in /app/system/Database/MySQLi/Connection.php:171
Stack trace:
#0 /app/system/Database/MySQLi/Connection.php(171): mysqli->real_connect()
#1 /app/system/Database/BaseConnection.php(382): CodeIgniter\Database\MySQLi\Connection->connect()
#2 /app/system/Database/BaseConnection.php(561): CodeIgniter\Database\BaseConnection->initialize()
#3 /app/system/Database/BaseBuilder.php(1585): CodeIgniter\Database\BaseConnection->query()
#4 /app/system/Validation/Rules.php(142): CodeIgniter\Database\BaseBuilder->get()
#5 /app/system/Validation/Validation.php(315): CodeIgniter\Validation\Rules->is_unique()
#6 /app/system/Validation/Validation.php(175): CodeIgniter\Validation\Validation->processRules()
#7 /app/system/Controller.php(140): CodeIgniter\Validation\Validation->run()
#8 /app/app/Controllers/Users.php(31): CodeIgniter\Controller->validate()
#9 /app/system/CodeIgniter.php(927): App\Controllers\Users->register()
#10 /app/system/CodeIgniter.php(482): CodeIgniter\CodeIgniter->runController()
#11 /app/system/CodeIgniter.php(351): CodeIgniter\CodeIgniter->handleRequest()
#12 /app/public/index.php(67): CodeIgniter\CodeIgniter->run()
#13 {main}

Next CodeIgniter\Database\Exceptions\DatabaseException: Unknown database 'login' in /app/system/Database/MySQLi/Connection.php:215
Stack trace:
#0 /app/system/Database/BaseConnection.php(382): CodeIgniter\Database\MySQLi\Connection->connect()
#1 /app/system/Database/BaseConnection.php(561): CodeIgniter\Database\BaseConnection->initialize()
#2 /app/system/Database/BaseBuilder.php(1585): CodeIgniter\Database\BaseConnection->query()
#3 /app/system/Validation/Rules.php(142): CodeIgniter\Database\BaseBuilder->get()
#4 /app/system/Validation/Validation.php(315): CodeIgniter\Validation\Rules->is_unique()
#5 /app/system/Validation/Validation.php(175): CodeIgniter\Validation\Validation->processRules()
#6 /app/system/Controller.php(140): CodeIgniter\Validation\Validation->run()
#7 /app/app/Controllers/Users.php(31): CodeIgniter\Controller->validate()
#8 /app/system/CodeIgniter.php(927): App\Controllers\Users->register()
#9 /app/system/CodeIgniter.php(482): CodeIgniter\CodeIgniter->runController()
#10 /app/system/CodeIgniter.php(351): CodeIgniter\CodeIgniter->handleRequest()
#11 /app/public/index.php(67): CodeIgniter\CodeIgniter->run()
#12 {main}
CRITICAL - 2022-11-23 11:58:40 --> Unable to connect to the database.
Main connection [MySQLi]: Unknown database 'login'
in SYSTEMPATH/Database/BaseConnection.php on line 418.
 1 SYSTEMPATH/Database/BaseConnection.php(561): CodeIgniter\Database\BaseConnection->initialize()
 2 SYSTEMPATH/Database/BaseBuilder.php(1585): CodeIgniter\Database\BaseConnection->query()
 3 SYSTEMPATH/Validation/Rules.php(142): CodeIgniter\Database\BaseBuilder->get()
 4 SYSTEMPATH/Validation/Validation.php(315): CodeIgniter\Validation\Rules->is_unique()
 5 SYSTEMPATH/Validation/Validation.php(175): CodeIgniter\Validation\Validation->processRules()
 6 SYSTEMPATH/Controller.php(140): CodeIgniter\Validation\Validation->run()
 7 APPPATH/Controllers/Users.php(31): CodeIgniter\Controller->validate()
 8 SYSTEMPATH/CodeIgniter.php(927): App\Controllers\Users->register()
 9 SYSTEMPATH/CodeIgniter.php(482): CodeIgniter\CodeIgniter->runController()
10 SYSTEMPATH/CodeIgniter.php(351): CodeIgniter\CodeIgniter->handleRequest()
11 FCPATH/index.php(67): CodeIgniter\CodeIgniter->run()
ERROR - 2022-11-23 12:00:12 --> Error connecting to the database: mysqli_sql_exception: Unknown database 'login' in /app/system/Database/MySQLi/Connection.php:171
Stack trace:
#0 /app/system/Database/MySQLi/Connection.php(171): mysqli->real_connect()
#1 /app/system/Database/BaseConnection.php(382): CodeIgniter\Database\MySQLi\Connection->connect()
#2 /app/system/Database/BaseConnection.php(561): CodeIgniter\Database\BaseConnection->initialize()
#3 /app/system/Database/BaseBuilder.php(1585): CodeIgniter\Database\BaseConnection->query()
#4 /app/system/Validation/Rules.php(142): CodeIgniter\Database\BaseBuilder->get()
#5 /app/system/Validation/Validation.php(315): CodeIgniter\Validation\Rules->is_unique()
#6 /app/system/Validation/Validation.php(175): CodeIgniter\Validation\Validation->processRules()
#7 /app/system/Controller.php(140): CodeIgniter\Validation\Validation->run()
#8 /app/app/Controllers/Users.php(31): CodeIgniter\Controller->validate()
#9 /app/system/CodeIgniter.php(927): App\Controllers\Users->register()
#10 /app/system/CodeIgniter.php(482): CodeIgniter\CodeIgniter->runController()
#11 /app/system/CodeIgniter.php(351): CodeIgniter\CodeIgniter->handleRequest()
#12 /app/public/index.php(67): CodeIgniter\CodeIgniter->run()
#13 {main}

Next CodeIgniter\Database\Exceptions\DatabaseException: Unknown database 'login' in /app/system/Database/MySQLi/Connection.php:215
Stack trace:
#0 /app/system/Database/BaseConnection.php(382): CodeIgniter\Database\MySQLi\Connection->connect()
#1 /app/system/Database/BaseConnection.php(561): CodeIgniter\Database\BaseConnection->initialize()
#2 /app/system/Database/BaseBuilder.php(1585): CodeIgniter\Database\BaseConnection->query()
#3 /app/system/Validation/Rules.php(142): CodeIgniter\Database\BaseBuilder->get()
#4 /app/system/Validation/Validation.php(315): CodeIgniter\Validation\Rules->is_unique()
#5 /app/system/Validation/Validation.php(175): CodeIgniter\Validation\Validation->processRules()
#6 /app/system/Controller.php(140): CodeIgniter\Validation\Validation->run()
#7 /app/app/Controllers/Users.php(31): CodeIgniter\Controller->validate()
#8 /app/system/CodeIgniter.php(927): App\Controllers\Users->register()
#9 /app/system/CodeIgniter.php(482): CodeIgniter\CodeIgniter->runController()
#10 /app/system/CodeIgniter.php(351): CodeIgniter\CodeIgniter->handleRequest()
#11 /app/public/index.php(67): CodeIgniter\CodeIgniter->run()
#12 {main}
CRITICAL - 2022-11-23 12:00:12 --> Unable to connect to the database.
Main connection [MySQLi]: Unknown database 'login'
in SYSTEMPATH/Database/BaseConnection.php on line 418.
 1 SYSTEMPATH/Database/BaseConnection.php(561): CodeIgniter\Database\BaseConnection->initialize()
 2 SYSTEMPATH/Database/BaseBuilder.php(1585): CodeIgniter\Database\BaseConnection->query()
 3 SYSTEMPATH/Validation/Rules.php(142): CodeIgniter\Database\BaseBuilder->get()
 4 SYSTEMPATH/Validation/Validation.php(315): CodeIgniter\Validation\Rules->is_unique()
 5 SYSTEMPATH/Validation/Validation.php(175): CodeIgniter\Validation\Validation->processRules()
 6 SYSTEMPATH/Controller.php(140): CodeIgniter\Validation\Validation->run()
 7 APPPATH/Controllers/Users.php(31): CodeIgniter\Controller->validate()
 8 SYSTEMPATH/CodeIgniter.php(927): App\Controllers\Users->register()
 9 SYSTEMPATH/CodeIgniter.php(482): CodeIgniter\CodeIgniter->runController()
10 SYSTEMPATH/CodeIgniter.php(351): CodeIgniter\CodeIgniter->handleRequest()
11 FCPATH/index.php(67): CodeIgniter\CodeIgniter->run()
ERROR - 2022-11-23 16:44:33 --> Error connecting to the database: mysqli_sql_exception: Unknown database 'login' in /app/system/Database/MySQLi/Connection.php:171
Stack trace:
#0 /app/system/Database/MySQLi/Connection.php(171): mysqli->real_connect()
#1 /app/system/Database/BaseConnection.php(382): CodeIgniter\Database\MySQLi\Connection->connect()
#2 /app/system/Database/BaseConnection.php(561): CodeIgniter\Database\BaseConnection->initialize()
#3 /app/system/Database/BaseBuilder.php(1585): CodeIgniter\Database\BaseConnection->query()
#4 /app/system/Validation/Rules.php(142): CodeIgniter\Database\BaseBuilder->get()
#5 /app/system/Validation/Validation.php(315): CodeIgniter\Validation\Rules->is_unique()
#6 /app/system/Validation/Validation.php(175): CodeIgniter\Validation\Validation->processRules()
#7 /app/system/Controller.php(140): CodeIgniter\Validation\Validation->run()
#8 /app/app/Controllers/Users.php(31): CodeIgniter\Controller->validate()
#9 /app/system/CodeIgniter.php(927): App\Controllers\Users->register()
#10 /app/system/CodeIgniter.php(482): CodeIgniter\CodeIgniter->runController()
#11 /app/system/CodeIgniter.php(351): CodeIgniter\CodeIgniter->handleRequest()
#12 /app/public/index.php(67): CodeIgniter\CodeIgniter->run()
#13 {main}

Next CodeIgniter\Database\Exceptions\DatabaseException: Unknown database 'login' in /app/system/Database/MySQLi/Connection.php:215
Stack trace:
#0 /app/system/Database/BaseConnection.php(382): CodeIgniter\Database\MySQLi\Connection->connect()
#1 /app/system/Database/BaseConnection.php(561): CodeIgniter\Database\BaseConnection->initialize()
#2 /app/system/Database/BaseBuilder.php(1585): CodeIgniter\Database\BaseConnection->query()
#3 /app/system/Validation/Rules.php(142): CodeIgniter\Database\BaseBuilder->get()
#4 /app/system/Validation/Validation.php(315): CodeIgniter\Validation\Rules->is_unique()
#5 /app/system/Validation/Validation.php(175): CodeIgniter\Validation\Validation->processRules()
#6 /app/system/Controller.php(140): CodeIgniter\Validation\Validation->run()
#7 /app/app/Controllers/Users.php(31): CodeIgniter\Controller->validate()
#8 /app/system/CodeIgniter.php(927): App\Controllers\Users->register()
#9 /app/system/CodeIgniter.php(482): CodeIgniter\CodeIgniter->runController()
#10 /app/system/CodeIgniter.php(351): CodeIgniter\CodeIgniter->handleRequest()
#11 /app/public/index.php(67): CodeIgniter\CodeIgniter->run()
#12 {main}
CRITICAL - 2022-11-23 16:44:34 --> Unable to connect to the database.
Main connection [MySQLi]: Unknown database 'login'
in SYSTEMPATH/Database/BaseConnection.php on line 418.
 1 SYSTEMPATH/Database/BaseConnection.php(561): CodeIgniter\Database\BaseConnection->initialize()
 2 SYSTEMPATH/Database/BaseBuilder.php(1585): CodeIgniter\Database\BaseConnection->query()
 3 SYSTEMPATH/Validation/Rules.php(142): CodeIgniter\Database\BaseBuilder->get()
 4 SYSTEMPATH/Validation/Validation.php(315): CodeIgniter\Validation\Rules->is_unique()
 5 SYSTEMPATH/Validation/Validation.php(175): CodeIgniter\Validation\Validation->processRules()
 6 SYSTEMPATH/Controller.php(140): CodeIgniter\Validation\Validation->run()
 7 APPPATH/Controllers/Users.php(31): CodeIgniter\Controller->validate()
 8 SYSTEMPATH/CodeIgniter.php(927): App\Controllers\Users->register()
 9 SYSTEMPATH/CodeIgniter.php(482): CodeIgniter\CodeIgniter->runController()
10 SYSTEMPATH/CodeIgniter.php(351): CodeIgniter\CodeIgniter->handleRequest()
11 FCPATH/index.php(67): CodeIgniter\CodeIgniter->run()
ERROR - 2022-11-23 16:52:35 --> Error connecting to the database: mysqli_sql_exception: Unknown database 'login' in /app/system/Database/MySQLi/Connection.php:171
Stack trace:
#0 /app/system/Database/MySQLi/Connection.php(171): mysqli->real_connect()
#1 /app/system/Database/BaseConnection.php(382): CodeIgniter\Database\MySQLi\Connection->connect()
#2 /app/system/Database/BaseConnection.php(561): CodeIgniter\Database\BaseConnection->initialize()
#3 /app/system/Database/BaseBuilder.php(1585): CodeIgniter\Database\BaseConnection->query()
#4 /app/system/Validation/Rules.php(142): CodeIgniter\Database\BaseBuilder->get()
#5 /app/system/Validation/Validation.php(315): CodeIgniter\Validation\Rules->is_unique()
#6 /app/system/Validation/Validation.php(175): CodeIgniter\Validation\Validation->processRules()
#7 /app/system/Controller.php(140): CodeIgniter\Validation\Validation->run()
#8 /app/app/Controllers/Users.php(31): CodeIgniter\Controller->validate()
#9 /app/system/CodeIgniter.php(927): App\Controllers\Users->register()
#10 /app/system/CodeIgniter.php(482): CodeIgniter\CodeIgniter->runController()
#11 /app/system/CodeIgniter.php(351): CodeIgniter\CodeIgniter->handleRequest()
#12 /app/public/index.php(67): CodeIgniter\CodeIgniter->run()
#13 {main}

Next CodeIgniter\Database\Exceptions\DatabaseException: Unknown database 'login' in /app/system/Database/MySQLi/Connection.php:215
Stack trace:
#0 /app/system/Database/BaseConnection.php(382): CodeIgniter\Database\MySQLi\Connection->connect()
#1 /app/system/Database/BaseConnection.php(561): CodeIgniter\Database\BaseConnection->initialize()
#2 /app/system/Database/BaseBuilder.php(1585): CodeIgniter\Database\BaseConnection->query()
#3 /app/system/Validation/Rules.php(142): CodeIgniter\Database\BaseBuilder->get()
#4 /app/system/Validation/Validation.php(315): CodeIgniter\Validation\Rules->is_unique()
#5 /app/system/Validation/Validation.php(175): CodeIgniter\Validation\Validation->processRules()
#6 /app/system/Controller.php(140): CodeIgniter\Validation\Validation->run()
#7 /app/app/Controllers/Users.php(31): CodeIgniter\Controller->validate()
#8 /app/system/CodeIgniter.php(927): App\Controllers\Users->register()
#9 /app/system/CodeIgniter.php(482): CodeIgniter\CodeIgniter->runController()
#10 /app/system/CodeIgniter.php(351): CodeIgniter\CodeIgniter->handleRequest()
#11 /app/public/index.php(67): CodeIgniter\CodeIgniter->run()
#12 {main}
CRITICAL - 2022-11-23 16:52:35 --> Unable to connect to the database.
Main connection [MySQLi]: Unknown database 'login'
in SYSTEMPATH/Database/BaseConnection.php on line 418.
 1 SYSTEMPATH/Database/BaseConnection.php(561): CodeIgniter\Database\BaseConnection->initialize()
 2 SYSTEMPATH/Database/BaseBuilder.php(1585): CodeIgniter\Database\BaseConnection->query()
 3 SYSTEMPATH/Validation/Rules.php(142): CodeIgniter\Database\BaseBuilder->get()
 4 SYSTEMPATH/Validation/Validation.php(315): CodeIgniter\Validation\Rules->is_unique()
 5 SYSTEMPATH/Validation/Validation.php(175): CodeIgniter\Validation\Validation->processRules()
 6 SYSTEMPATH/Controller.php(140): CodeIgniter\Validation\Validation->run()
 7 APPPATH/Controllers/Users.php(31): CodeIgniter\Controller->validate()
 8 SYSTEMPATH/CodeIgniter.php(927): App\Controllers\Users->register()
 9 SYSTEMPATH/CodeIgniter.php(482): CodeIgniter\CodeIgniter->runController()
10 SYSTEMPATH/CodeIgniter.php(351): CodeIgniter\CodeIgniter->handleRequest()
11 FCPATH/index.php(67): CodeIgniter\CodeIgniter->run()
ERROR - 2022-11-23 16:52:45 --> Error connecting to the database: mysqli_sql_exception: Unknown database 'login' in /app/system/Database/MySQLi/Connection.php:171
Stack trace:
#0 /app/system/Database/MySQLi/Connection.php(171): mysqli->real_connect()
#1 /app/system/Database/BaseConnection.php(382): CodeIgniter\Database\MySQLi\Connection->connect()
#2 /app/system/Database/BaseConnection.php(561): CodeIgniter\Database\BaseConnection->initialize()
#3 /app/system/Database/BaseBuilder.php(1585): CodeIgniter\Database\BaseConnection->query()
#4 /app/system/Validation/Rules.php(142): CodeIgniter\Database\BaseBuilder->get()
#5 /app/system/Validation/Validation.php(315): CodeIgniter\Validation\Rules->is_unique()
#6 /app/system/Validation/Validation.php(175): CodeIgniter\Validation\Validation->processRules()
#7 /app/system/Controller.php(140): CodeIgniter\Validation\Validation->run()
#8 /app/app/Controllers/Users.php(31): CodeIgniter\Controller->validate()
#9 /app/system/CodeIgniter.php(927): App\Controllers\Users->register()
#10 /app/system/CodeIgniter.php(482): CodeIgniter\CodeIgniter->runController()
#11 /app/system/CodeIgniter.php(351): CodeIgniter\CodeIgniter->handleRequest()
#12 /app/public/index.php(67): CodeIgniter\CodeIgniter->run()
#13 {main}

Next CodeIgniter\Database\Exceptions\DatabaseException: Unknown database 'login' in /app/system/Database/MySQLi/Connection.php:215
Stack trace:
#0 /app/system/Database/BaseConnection.php(382): CodeIgniter\Database\MySQLi\Connection->connect()
#1 /app/system/Database/BaseConnection.php(561): CodeIgniter\Database\BaseConnection->initialize()
#2 /app/system/Database/BaseBuilder.php(1585): CodeIgniter\Database\BaseConnection->query()
#3 /app/system/Validation/Rules.php(142): CodeIgniter\Database\BaseBuilder->get()
#4 /app/system/Validation/Validation.php(315): CodeIgniter\Validation\Rules->is_unique()
#5 /app/system/Validation/Validation.php(175): CodeIgniter\Validation\Validation->processRules()
#6 /app/system/Controller.php(140): CodeIgniter\Validation\Validation->run()
#7 /app/app/Controllers/Users.php(31): CodeIgniter\Controller->validate()
#8 /app/system/CodeIgniter.php(927): App\Controllers\Users->register()
#9 /app/system/CodeIgniter.php(482): CodeIgniter\CodeIgniter->runController()
#10 /app/system/CodeIgniter.php(351): CodeIgniter\CodeIgniter->handleRequest()
#11 /app/public/index.php(67): CodeIgniter\CodeIgniter->run()
#12 {main}
CRITICAL - 2022-11-23 16:52:45 --> Unable to connect to the database.
Main connection [MySQLi]: Unknown database 'login'
in SYSTEMPATH/Database/BaseConnection.php on line 418.
 1 SYSTEMPATH/Database/BaseConnection.php(561): CodeIgniter\Database\BaseConnection->initialize()
 2 SYSTEMPATH/Database/BaseBuilder.php(1585): CodeIgniter\Database\BaseConnection->query()
 3 SYSTEMPATH/Validation/Rules.php(142): CodeIgniter\Database\BaseBuilder->get()
 4 SYSTEMPATH/Validation/Validation.php(315): CodeIgniter\Validation\Rules->is_unique()
 5 SYSTEMPATH/Validation/Validation.php(175): CodeIgniter\Validation\Validation->processRules()
 6 SYSTEMPATH/Controller.php(140): CodeIgniter\Validation\Validation->run()
 7 APPPATH/Controllers/Users.php(31): CodeIgniter\Controller->validate()
 8 SYSTEMPATH/CodeIgniter.php(927): App\Controllers\Users->register()
 9 SYSTEMPATH/CodeIgniter.php(482): CodeIgniter\CodeIgniter->runController()
10 SYSTEMPATH/CodeIgniter.php(351): CodeIgniter\CodeIgniter->handleRequest()
11 FCPATH/index.php(67): CodeIgniter\CodeIgniter->run()
ERROR - 2022-11-23 16:55:40 --> Error connecting to the database: mysqli_sql_exception: Unknown database 'login' in /app/system/Database/MySQLi/Connection.php:171
Stack trace:
#0 /app/system/Database/MySQLi/Connection.php(171): mysqli->real_connect()
#1 /app/system/Database/BaseConnection.php(382): CodeIgniter\Database\MySQLi\Connection->connect()
#2 /app/system/Database/BaseConnection.php(561): CodeIgniter\Database\BaseConnection->initialize()
#3 /app/system/Database/BaseBuilder.php(1585): CodeIgniter\Database\BaseConnection->query()
#4 /app/system/Validation/Rules.php(142): CodeIgniter\Database\BaseBuilder->get()
#5 /app/system/Validation/Validation.php(315): CodeIgniter\Validation\Rules->is_unique()
#6 /app/system/Validation/Validation.php(175): CodeIgniter\Validation\Validation->processRules()
#7 /app/system/Controller.php(140): CodeIgniter\Validation\Validation->run()
#8 /app/app/Controllers/Users.php(31): CodeIgniter\Controller->validate()
#9 /app/system/CodeIgniter.php(927): App\Controllers\Users->register()
#10 /app/system/CodeIgniter.php(482): CodeIgniter\CodeIgniter->runController()
#11 /app/system/CodeIgniter.php(351): CodeIgniter\CodeIgniter->handleRequest()
#12 /app/public/index.php(67): CodeIgniter\CodeIgniter->run()
#13 {main}

Next CodeIgniter\Database\Exceptions\DatabaseException: Unknown database 'login' in /app/system/Database/MySQLi/Connection.php:215
Stack trace:
#0 /app/system/Database/BaseConnection.php(382): CodeIgniter\Database\MySQLi\Connection->connect()
#1 /app/system/Database/BaseConnection.php(561): CodeIgniter\Database\BaseConnection->initialize()
#2 /app/system/Database/BaseBuilder.php(1585): CodeIgniter\Database\BaseConnection->query()
#3 /app/system/Validation/Rules.php(142): CodeIgniter\Database\BaseBuilder->get()
#4 /app/system/Validation/Validation.php(315): CodeIgniter\Validation\Rules->is_unique()
#5 /app/system/Validation/Validation.php(175): CodeIgniter\Validation\Validation->processRules()
#6 /app/system/Controller.php(140): CodeIgniter\Validation\Validation->run()
#7 /app/app/Controllers/Users.php(31): CodeIgniter\Controller->validate()
#8 /app/system/CodeIgniter.php(927): App\Controllers\Users->register()
#9 /app/system/CodeIgniter.php(482): CodeIgniter\CodeIgniter->runController()
#10 /app/system/CodeIgniter.php(351): CodeIgniter\CodeIgniter->handleRequest()
#11 /app/public/index.php(67): CodeIgniter\CodeIgniter->run()
#12 {main}
CRITICAL - 2022-11-23 16:55:40 --> Unable to connect to the database.
Main connection [MySQLi]: Unknown database 'login'
in SYSTEMPATH/Database/BaseConnection.php on line 418.
 1 SYSTEMPATH/Database/BaseConnection.php(561): CodeIgniter\Database\BaseConnection->initialize()
 2 SYSTEMPATH/Database/BaseBuilder.php(1585): CodeIgniter\Database\BaseConnection->query()
 3 SYSTEMPATH/Validation/Rules.php(142): CodeIgniter\Database\BaseBuilder->get()
 4 SYSTEMPATH/Validation/Validation.php(315): CodeIgniter\Validation\Rules->is_unique()
 5 SYSTEMPATH/Validation/Validation.php(175): CodeIgniter\Validation\Validation->processRules()
 6 SYSTEMPATH/Controller.php(140): CodeIgniter\Validation\Validation->run()
 7 APPPATH/Controllers/Users.php(31): CodeIgniter\Controller->validate()
 8 SYSTEMPATH/CodeIgniter.php(927): App\Controllers\Users->register()
 9 SYSTEMPATH/CodeIgniter.php(482): CodeIgniter\CodeIgniter->runController()
10 SYSTEMPATH/CodeIgniter.php(351): CodeIgniter\CodeIgniter->handleRequest()
11 FCPATH/index.php(67): CodeIgniter\CodeIgniter->run()
ERROR - 2022-11-23 16:56:35 --> Error connecting to the database: mysqli_sql_exception: Unknown database 'login' in /app/system/Database/MySQLi/Connection.php:171
Stack trace:
#0 /app/system/Database/MySQLi/Connection.php(171): mysqli->real_connect()
#1 /app/system/Database/BaseConnection.php(382): CodeIgniter\Database\MySQLi\Connection->connect()
#2 /app/system/Database/BaseConnection.php(561): CodeIgniter\Database\BaseConnection->initialize()
#3 /app/system/Database/BaseBuilder.php(1585): CodeIgniter\Database\BaseConnection->query()
#4 /app/system/Validation/Rules.php(142): CodeIgniter\Database\BaseBuilder->get()
#5 /app/system/Validation/Validation.php(315): CodeIgniter\Validation\Rules->is_unique()
#6 /app/system/Validation/Validation.php(175): CodeIgniter\Validation\Validation->processRules()
#7 /app/system/Controller.php(140): CodeIgniter\Validation\Validation->run()
#8 /app/app/Controllers/Users.php(31): CodeIgniter\Controller->validate()
#9 /app/system/CodeIgniter.php(927): App\Controllers\Users->register()
#10 /app/system/CodeIgniter.php(482): CodeIgniter\CodeIgniter->runController()
#11 /app/system/CodeIgniter.php(351): CodeIgniter\CodeIgniter->handleRequest()
#12 /app/public/index.php(67): CodeIgniter\CodeIgniter->run()
#13 {main}

Next CodeIgniter\Database\Exceptions\DatabaseException: Unknown database 'login' in /app/system/Database/MySQLi/Connection.php:215
Stack trace:
#0 /app/system/Database/BaseConnection.php(382): CodeIgniter\Database\MySQLi\Connection->connect()
#1 /app/system/Database/BaseConnection.php(561): CodeIgniter\Database\BaseConnection->initialize()
#2 /app/system/Database/BaseBuilder.php(1585): CodeIgniter\Database\BaseConnection->query()
#3 /app/system/Validation/Rules.php(142): CodeIgniter\Database\BaseBuilder->get()
#4 /app/system/Validation/Validation.php(315): CodeIgniter\Validation\Rules->is_unique()
#5 /app/system/Validation/Validation.php(175): CodeIgniter\Validation\Validation->processRules()
#6 /app/system/Controller.php(140): CodeIgniter\Validation\Validation->run()
#7 /app/app/Controllers/Users.php(31): CodeIgniter\Controller->validate()
#8 /app/system/CodeIgniter.php(927): App\Controllers\Users->register()
#9 /app/system/CodeIgniter.php(482): CodeIgniter\CodeIgniter->runController()
#10 /app/system/CodeIgniter.php(351): CodeIgniter\CodeIgniter->handleRequest()
#11 /app/public/index.php(67): CodeIgniter\CodeIgniter->run()
#12 {main}
CRITICAL - 2022-11-23 16:56:35 --> Unable to connect to the database.
Main connection [MySQLi]: Unknown database 'login'
in SYSTEMPATH/Database/BaseConnection.php on line 418.
 1 SYSTEMPATH/Database/BaseConnection.php(561): CodeIgniter\Database\BaseConnection->initialize()
 2 SYSTEMPATH/Database/BaseBuilder.php(1585): CodeIgniter\Database\BaseConnection->query()
 3 SYSTEMPATH/Validation/Rules.php(142): CodeIgniter\Database\BaseBuilder->get()
 4 SYSTEMPATH/Validation/Validation.php(315): CodeIgniter\Validation\Rules->is_unique()
 5 SYSTEMPATH/Validation/Validation.php(175): CodeIgniter\Validation\Validation->processRules()
 6 SYSTEMPATH/Controller.php(140): CodeIgniter\Validation\Validation->run()
 7 APPPATH/Controllers/Users.php(31): CodeIgniter\Controller->validate()
 8 SYSTEMPATH/CodeIgniter.php(927): App\Controllers\Users->register()
 9 SYSTEMPATH/CodeIgniter.php(482): CodeIgniter\CodeIgniter->runController()
10 SYSTEMPATH/CodeIgniter.php(351): CodeIgniter\CodeIgniter->handleRequest()
11 FCPATH/index.php(67): CodeIgniter\CodeIgniter->run()
ERROR - 2022-11-23 16:56:45 --> Error connecting to the database: mysqli_sql_exception: Unknown database 'login' in /app/system/Database/MySQLi/Connection.php:171
Stack trace:
#0 /app/system/Database/MySQLi/Connection.php(171): mysqli->real_connect()
#1 /app/system/Database/BaseConnection.php(382): CodeIgniter\Database\MySQLi\Connection->connect()
#2 /app/system/Database/BaseConnection.php(561): CodeIgniter\Database\BaseConnection->initialize()
#3 /app/system/Database/BaseBuilder.php(1585): CodeIgniter\Database\BaseConnection->query()
#4 /app/system/Validation/Rules.php(142): CodeIgniter\Database\BaseBuilder->get()
#5 /app/system/Validation/Validation.php(315): CodeIgniter\Validation\Rules->is_unique()
#6 /app/system/Validation/Validation.php(175): CodeIgniter\Validation\Validation->processRules()
#7 /app/system/Controller.php(140): CodeIgniter\Validation\Validation->run()
#8 /app/app/Controllers/Users.php(31): CodeIgniter\Controller->validate()
#9 /app/system/CodeIgniter.php(927): App\Controllers\Users->register()
#10 /app/system/CodeIgniter.php(482): CodeIgniter\CodeIgniter->runController()
#11 /app/system/CodeIgniter.php(351): CodeIgniter\CodeIgniter->handleRequest()
#12 /app/public/index.php(67): CodeIgniter\CodeIgniter->run()
#13 {main}

Next CodeIgniter\Database\Exceptions\DatabaseException: Unknown database 'login' in /app/system/Database/MySQLi/Connection.php:215
Stack trace:
#0 /app/system/Database/BaseConnection.php(382): CodeIgniter\Database\MySQLi\Connection->connect()
#1 /app/system/Database/BaseConnection.php(561): CodeIgniter\Database\BaseConnection->initialize()
#2 /app/system/Database/BaseBuilder.php(1585): CodeIgniter\Database\BaseConnection->query()
#3 /app/system/Validation/Rules.php(142): CodeIgniter\Database\BaseBuilder->get()
#4 /app/system/Validation/Validation.php(315): CodeIgniter\Validation\Rules->is_unique()
#5 /app/system/Validation/Validation.php(175): CodeIgniter\Validation\Validation->processRules()
#6 /app/system/Controller.php(140): CodeIgniter\Validation\Validation->run()
#7 /app/app/Controllers/Users.php(31): CodeIgniter\Controller->validate()
#8 /app/system/CodeIgniter.php(927): App\Controllers\Users->register()
#9 /app/system/CodeIgniter.php(482): CodeIgniter\CodeIgniter->runController()
#10 /app/system/CodeIgniter.php(351): CodeIgniter\CodeIgniter->handleRequest()
#11 /app/public/index.php(67): CodeIgniter\CodeIgniter->run()
#12 {main}
CRITICAL - 2022-11-23 16:56:45 --> Unable to connect to the database.
Main connection [MySQLi]: Unknown database 'login'
in SYSTEMPATH/Database/BaseConnection.php on line 418.
 1 SYSTEMPATH/Database/BaseConnection.php(561): CodeIgniter\Database\BaseConnection->initialize()
 2 SYSTEMPATH/Database/BaseBuilder.php(1585): CodeIgniter\Database\BaseConnection->query()
 3 SYSTEMPATH/Validation/Rules.php(142): CodeIgniter\Database\BaseBuilder->get()
 4 SYSTEMPATH/Validation/Validation.php(315): CodeIgniter\Validation\Rules->is_unique()
 5 SYSTEMPATH/Validation/Validation.php(175): CodeIgniter\Validation\Validation->processRules()
 6 SYSTEMPATH/Controller.php(140): CodeIgniter\Validation\Validation->run()
 7 APPPATH/Controllers/Users.php(31): CodeIgniter\Controller->validate()
 8 SYSTEMPATH/CodeIgniter.php(927): App\Controllers\Users->register()
 9 SYSTEMPATH/CodeIgniter.php(482): CodeIgniter\CodeIgniter->runController()
10 SYSTEMPATH/CodeIgniter.php(351): CodeIgniter\CodeIgniter->handleRequest()
11 FCPATH/index.php(67): CodeIgniter\CodeIgniter->run()
ERROR - 2022-11-23 17:00:59 --> Error connecting to the database: mysqli_sql_exception: Unknown database 'login' in /app/system/Database/MySQLi/Connection.php:171
Stack trace:
#0 /app/system/Database/MySQLi/Connection.php(171): mysqli->real_connect()
#1 /app/system/Database/BaseConnection.php(382): CodeIgniter\Database\MySQLi\Connection->connect()
#2 /app/system/Database/BaseConnection.php(561): CodeIgniter\Database\BaseConnection->initialize()
#3 /app/system/Database/BaseBuilder.php(1585): CodeIgniter\Database\BaseConnection->query()
#4 /app/system/Validation/Rules.php(142): CodeIgniter\Database\BaseBuilder->get()
#5 /app/system/Validation/Validation.php(315): CodeIgniter\Validation\Rules->is_unique()
#6 /app/system/Validation/Validation.php(175): CodeIgniter\Validation\Validation->processRules()
#7 /app/system/Controller.php(140): CodeIgniter\Validation\Validation->run()
#8 /app/app/Controllers/Users.php(31): CodeIgniter\Controller->validate()
#9 /app/system/CodeIgniter.php(927): App\Controllers\Users->register()
#10 /app/system/CodeIgniter.php(482): CodeIgniter\CodeIgniter->runController()
#11 /app/system/CodeIgniter.php(351): CodeIgniter\CodeIgniter->handleRequest()
#12 /app/public/index.php(67): CodeIgniter\CodeIgniter->run()
#13 {main}

Next CodeIgniter\Database\Exceptions\DatabaseException: Unknown database 'login' in /app/system/Database/MySQLi/Connection.php:215
Stack trace:
#0 /app/system/Database/BaseConnection.php(382): CodeIgniter\Database\MySQLi\Connection->connect()
#1 /app/system/Database/BaseConnection.php(561): CodeIgniter\Database\BaseConnection->initialize()
#2 /app/system/Database/BaseBuilder.php(1585): CodeIgniter\Database\BaseConnection->query()
#3 /app/system/Validation/Rules.php(142): CodeIgniter\Database\BaseBuilder->get()
#4 /app/system/Validation/Validation.php(315): CodeIgniter\Validation\Rules->is_unique()
#5 /app/system/Validation/Validation.php(175): CodeIgniter\Validation\Validation->processRules()
#6 /app/system/Controller.php(140): CodeIgniter\Validation\Validation->run()
#7 /app/app/Controllers/Users.php(31): CodeIgniter\Controller->validate()
#8 /app/system/CodeIgniter.php(927): App\Controllers\Users->register()
#9 /app/system/CodeIgniter.php(482): CodeIgniter\CodeIgniter->runController()
#10 /app/system/CodeIgniter.php(351): CodeIgniter\CodeIgniter->handleRequest()
#11 /app/public/index.php(67): CodeIgniter\CodeIgniter->run()
#12 {main}
CRITICAL - 2022-11-23 17:00:59 --> Unable to connect to the database.
Main connection [MySQLi]: Unknown database 'login'
in SYSTEMPATH/Database/BaseConnection.php on line 418.
 1 SYSTEMPATH/Database/BaseConnection.php(561): CodeIgniter\Database\BaseConnection->initialize()
 2 SYSTEMPATH/Database/BaseBuilder.php(1585): CodeIgniter\Database\BaseConnection->query()
 3 SYSTEMPATH/Validation/Rules.php(142): CodeIgniter\Database\BaseBuilder->get()
 4 SYSTEMPATH/Validation/Validation.php(315): CodeIgniter\Validation\Rules->is_unique()
 5 SYSTEMPATH/Validation/Validation.php(175): CodeIgniter\Validation\Validation->processRules()
 6 SYSTEMPATH/Controller.php(140): CodeIgniter\Validation\Validation->run()
 7 APPPATH/Controllers/Users.php(31): CodeIgniter\Controller->validate()
 8 SYSTEMPATH/CodeIgniter.php(927): App\Controllers\Users->register()
 9 SYSTEMPATH/CodeIgniter.php(482): CodeIgniter\CodeIgniter->runController()
10 SYSTEMPATH/CodeIgniter.php(351): CodeIgniter\CodeIgniter->handleRequest()
11 FCPATH/index.php(67): CodeIgniter\CodeIgniter->run()
ERROR - 2022-11-23 17:03:17 --> Error connecting to the database: mysqli_sql_exception: Unknown database 'users' in /app/system/Database/MySQLi/Connection.php:171
Stack trace:
#0 /app/system/Database/MySQLi/Connection.php(171): mysqli->real_connect()
#1 /app/system/Database/BaseConnection.php(382): CodeIgniter\Database\MySQLi\Connection->connect()
#2 /app/system/Database/BaseConnection.php(561): CodeIgniter\Database\BaseConnection->initialize()
#3 /app/system/Database/BaseBuilder.php(1585): CodeIgniter\Database\BaseConnection->query()
#4 /app/system/Validation/Rules.php(142): CodeIgniter\Database\BaseBuilder->get()
#5 /app/system/Validation/Validation.php(315): CodeIgniter\Validation\Rules->is_unique()
#6 /app/system/Validation/Validation.php(175): CodeIgniter\Validation\Validation->processRules()
#7 /app/system/Controller.php(140): CodeIgniter\Validation\Validation->run()
#8 /app/app/Controllers/Users.php(31): CodeIgniter\Controller->validate()
#9 /app/system/CodeIgniter.php(927): App\Controllers\Users->register()
#10 /app/system/CodeIgniter.php(482): CodeIgniter\CodeIgniter->runController()
#11 /app/system/CodeIgniter.php(351): CodeIgniter\CodeIgniter->handleRequest()
#12 /app/public/index.php(67): CodeIgniter\CodeIgniter->run()
#13 {main}

Next CodeIgniter\Database\Exceptions\DatabaseException: Unknown database 'users' in /app/system/Database/MySQLi/Connection.php:215
Stack trace:
#0 /app/system/Database/BaseConnection.php(382): CodeIgniter\Database\MySQLi\Connection->connect()
#1 /app/system/Database/BaseConnection.php(561): CodeIgniter\Database\BaseConnection->initialize()
#2 /app/system/Database/BaseBuilder.php(1585): CodeIgniter\Database\BaseConnection->query()
#3 /app/system/Validation/Rules.php(142): CodeIgniter\Database\BaseBuilder->get()
#4 /app/system/Validation/Validation.php(315): CodeIgniter\Validation\Rules->is_unique()
#5 /app/system/Validation/Validation.php(175): CodeIgniter\Validation\Validation->processRules()
#6 /app/system/Controller.php(140): CodeIgniter\Validation\Validation->run()
#7 /app/app/Controllers/Users.php(31): CodeIgniter\Controller->validate()
#8 /app/system/CodeIgniter.php(927): App\Controllers\Users->register()
#9 /app/system/CodeIgniter.php(482): CodeIgniter\CodeIgniter->runController()
#10 /app/system/CodeIgniter.php(351): CodeIgniter\CodeIgniter->handleRequest()
#11 /app/public/index.php(67): CodeIgniter\CodeIgniter->run()
#12 {main}
CRITICAL - 2022-11-23 17:03:17 --> Unable to connect to the database.
Main connection [MySQLi]: Unknown database 'users'
in SYSTEMPATH/Database/BaseConnection.php on line 418.
 1 SYSTEMPATH/Database/BaseConnection.php(561): CodeIgniter\Database\BaseConnection->initialize()
 2 SYSTEMPATH/Database/BaseBuilder.php(1585): CodeIgniter\Database\BaseConnection->query()
 3 SYSTEMPATH/Validation/Rules.php(142): CodeIgniter\Database\BaseBuilder->get()
 4 SYSTEMPATH/Validation/Validation.php(315): CodeIgniter\Validation\Rules->is_unique()
 5 SYSTEMPATH/Validation/Validation.php(175): CodeIgniter\Validation\Validation->processRules()
 6 SYSTEMPATH/Controller.php(140): CodeIgniter\Validation\Validation->run()
 7 APPPATH/Controllers/Users.php(31): CodeIgniter\Controller->validate()
 8 SYSTEMPATH/CodeIgniter.php(927): App\Controllers\Users->register()
 9 SYSTEMPATH/CodeIgniter.php(482): CodeIgniter\CodeIgniter->runController()
10 SYSTEMPATH/CodeIgniter.php(351): CodeIgniter\CodeIgniter->handleRequest()
11 FCPATH/index.php(67): CodeIgniter\CodeIgniter->run()
ERROR - 2022-11-23 17:03:28 --> Error connecting to the database: mysqli_sql_exception: Unknown database 'users' in /app/system/Database/MySQLi/Connection.php:171
Stack trace:
#0 /app/system/Database/MySQLi/Connection.php(171): mysqli->real_connect()
#1 /app/system/Database/BaseConnection.php(382): CodeIgniter\Database\MySQLi\Connection->connect()
#2 /app/system/Database/BaseConnection.php(561): CodeIgniter\Database\BaseConnection->initialize()
#3 /app/system/Database/BaseBuilder.php(1585): CodeIgniter\Database\BaseConnection->query()
#4 /app/system/Validation/Rules.php(142): CodeIgniter\Database\BaseBuilder->get()
#5 /app/system/Validation/Validation.php(315): CodeIgniter\Validation\Rules->is_unique()
#6 /app/system/Validation/Validation.php(175): CodeIgniter\Validation\Validation->processRules()
#7 /app/system/Controller.php(140): CodeIgniter\Validation\Validation->run()
#8 /app/app/Controllers/Users.php(31): CodeIgniter\Controller->validate()
#9 /app/system/CodeIgniter.php(927): App\Controllers\Users->register()
#10 /app/system/CodeIgniter.php(482): CodeIgniter\CodeIgniter->runController()
#11 /app/system/CodeIgniter.php(351): CodeIgniter\CodeIgniter->handleRequest()
#12 /app/public/index.php(67): CodeIgniter\CodeIgniter->run()
#13 {main}

Next CodeIgniter\Database\Exceptions\DatabaseException: Unknown database 'users' in /app/system/Database/MySQLi/Connection.php:215
Stack trace:
#0 /app/system/Database/BaseConnection.php(382): CodeIgniter\Database\MySQLi\Connection->connect()
#1 /app/system/Database/BaseConnection.php(561): CodeIgniter\Database\BaseConnection->initialize()
#2 /app/system/Database/BaseBuilder.php(1585): CodeIgniter\Database\BaseConnection->query()
#3 /app/system/Validation/Rules.php(142): CodeIgniter\Database\BaseBuilder->get()
#4 /app/system/Validation/Validation.php(315): CodeIgniter\Validation\Rules->is_unique()
#5 /app/system/Validation/Validation.php(175): CodeIgniter\Validation\Validation->processRules()
#6 /app/system/Controller.php(140): CodeIgniter\Validation\Validation->run()
#7 /app/app/Controllers/Users.php(31): CodeIgniter\Controller->validate()
#8 /app/system/CodeIgniter.php(927): App\Controllers\Users->register()
#9 /app/system/CodeIgniter.php(482): CodeIgniter\CodeIgniter->runController()
#10 /app/system/CodeIgniter.php(351): CodeIgniter\CodeIgniter->handleRequest()
#11 /app/public/index.php(67): CodeIgniter\CodeIgniter->run()
#12 {main}
CRITICAL - 2022-11-23 17:03:28 --> Unable to connect to the database.
Main connection [MySQLi]: Unknown database 'users'
in SYSTEMPATH/Database/BaseConnection.php on line 418.
 1 SYSTEMPATH/Database/BaseConnection.php(561): CodeIgniter\Database\BaseConnection->initialize()
 2 SYSTEMPATH/Database/BaseBuilder.php(1585): CodeIgniter\Database\BaseConnection->query()
 3 SYSTEMPATH/Validation/Rules.php(142): CodeIgniter\Database\BaseBuilder->get()
 4 SYSTEMPATH/Validation/Validation.php(315): CodeIgniter\Validation\Rules->is_unique()
 5 SYSTEMPATH/Validation/Validation.php(175): CodeIgniter\Validation\Validation->processRules()
 6 SYSTEMPATH/Controller.php(140): CodeIgniter\Validation\Validation->run()
 7 APPPATH/Controllers/Users.php(31): CodeIgniter\Controller->validate()
 8 SYSTEMPATH/CodeIgniter.php(927): App\Controllers\Users->register()
 9 SYSTEMPATH/CodeIgniter.php(482): CodeIgniter\CodeIgniter->runController()
10 SYSTEMPATH/CodeIgniter.php(351): CodeIgniter\CodeIgniter->handleRequest()
11 FCPATH/index.php(67): CodeIgniter\CodeIgniter->run()
CRITICAL - 2022-11-23 18:03:07 --> Undefined array key "password"
in APPPATH/Validation/UserRules.php on line 16.
 1 APPPATH/Validation/UserRules.php(16): CodeIgniter\Debug\Exceptions->errorHandler()
 2 SYSTEMPATH/Validation/Validation.php(315): App\Validation\UserRules->validateUser()
 3 SYSTEMPATH/Validation/Validation.php(175): CodeIgniter\Validation\Validation->processRules()
 4 SYSTEMPATH/Controller.php(140): CodeIgniter\Validation\Validation->run()
 5 APPPATH/Controllers/Users.php(24): CodeIgniter\Controller->validate()
 6 SYSTEMPATH/CodeIgniter.php(927): App\Controllers\Users->index()
 7 SYSTEMPATH/CodeIgniter.php(482): CodeIgniter\CodeIgniter->runController()
 8 SYSTEMPATH/CodeIgniter.php(351): CodeIgniter\CodeIgniter->handleRequest()
 9 FCPATH/index.php(67): CodeIgniter\CodeIgniter->run()
CRITICAL - 2022-11-23 18:05:06 --> Undefined array key "password"
in APPPATH/Validation/UserRules.php on line 16.
 1 APPPATH/Validation/UserRules.php(16): CodeIgniter\Debug\Exceptions->errorHandler()
 2 SYSTEMPATH/Validation/Validation.php(315): App\Validation\UserRules->validateUser()
 3 SYSTEMPATH/Validation/Validation.php(175): CodeIgniter\Validation\Validation->processRules()
 4 SYSTEMPATH/Controller.php(140): CodeIgniter\Validation\Validation->run()
 5 APPPATH/Controllers/Users.php(24): CodeIgniter\Controller->validate()
 6 SYSTEMPATH/CodeIgniter.php(927): App\Controllers\Users->index()
 7 SYSTEMPATH/CodeIgniter.php(482): CodeIgniter\CodeIgniter->runController()
 8 SYSTEMPATH/CodeIgniter.php(351): CodeIgniter\CodeIgniter->handleRequest()
 9 FCPATH/index.php(67): CodeIgniter\CodeIgniter->run()
CRITICAL - 2022-11-23 18:09:51 --> Undefined array key "password"
in APPPATH/Validation/UserRules.php on line 16.
 1 APPPATH/Validation/UserRules.php(16): CodeIgniter\Debug\Exceptions->errorHandler()
 2 SYSTEMPATH/Validation/Validation.php(315): App\Validation\UserRules->validateUser()
 3 SYSTEMPATH/Validation/Validation.php(175): CodeIgniter\Validation\Validation->processRules()
 4 SYSTEMPATH/Controller.php(140): CodeIgniter\Validation\Validation->run()
 5 APPPATH/Controllers/Users.php(24): CodeIgniter\Controller->validate()
 6 SYSTEMPATH/CodeIgniter.php(927): App\Controllers\Users->index()
 7 SYSTEMPATH/CodeIgniter.php(482): CodeIgniter\CodeIgniter->runController()
 8 SYSTEMPATH/CodeIgniter.php(351): CodeIgniter\CodeIgniter->handleRequest()
 9 FCPATH/index.php(67): CodeIgniter\CodeIgniter->run()
CRITICAL - 2022-11-23 18:10:02 --> Undefined array key "password"
in APPPATH/Validation/UserRules.php on line 16.
 1 APPPATH/Validation/UserRules.php(16): CodeIgniter\Debug\Exceptions->errorHandler()
 2 SYSTEMPATH/Validation/Validation.php(315): App\Validation\UserRules->validateUser()
 3 SYSTEMPATH/Validation/Validation.php(175): CodeIgniter\Validation\Validation->processRules()
 4 SYSTEMPATH/Controller.php(140): CodeIgniter\Validation\Validation->run()
 5 APPPATH/Controllers/Users.php(24): CodeIgniter\Controller->validate()
 6 SYSTEMPATH/CodeIgniter.php(927): App\Controllers\Users->index()
 7 SYSTEMPATH/CodeIgniter.php(482): CodeIgniter\CodeIgniter->runController()
 8 SYSTEMPATH/CodeIgniter.php(351): CodeIgniter\CodeIgniter->handleRequest()
 9 FCPATH/index.php(67): CodeIgniter\CodeIgniter->run()
CRITICAL - 2022-11-23 18:11:44 --> Undefined array key "password"
in APPPATH/Validation/UserRules.php on line 16.
 1 APPPATH/Validation/UserRules.php(16): CodeIgniter\Debug\Exceptions->errorHandler()
 2 SYSTEMPATH/Validation/Validation.php(315): App\Validation\UserRules->validateUser()
 3 SYSTEMPATH/Validation/Validation.php(175): CodeIgniter\Validation\Validation->processRules()
 4 SYSTEMPATH/Controller.php(140): CodeIgniter\Validation\Validation->run()
 5 APPPATH/Controllers/Users.php(24): CodeIgniter\Controller->validate()
 6 SYSTEMPATH/CodeIgniter.php(927): App\Controllers\Users->index()
 7 SYSTEMPATH/CodeIgniter.php(482): CodeIgniter\CodeIgniter->runController()
 8 SYSTEMPATH/CodeIgniter.php(351): CodeIgniter\CodeIgniter->handleRequest()
 9 FCPATH/index.php(67): CodeIgniter\CodeIgniter->run()
CRITICAL - 2022-11-23 18:13:50 --> Class "Config\CodeIgniter\App\Validation\UserRules" not found
in SYSTEMPATH/Validation/Validation.php on line 586.
 1 SYSTEMPATH/Validation/Validation.php(122): CodeIgniter\Validation\Validation->loadRuleSets()
 2 SYSTEMPATH/Controller.php(140): CodeIgniter\Validation\Validation->run()
 3 APPPATH/Controllers/Users.php(24): CodeIgniter\Controller->validate()
 4 SYSTEMPATH/CodeIgniter.php(927): App\Controllers\Users->index()
 5 SYSTEMPATH/CodeIgniter.php(482): CodeIgniter\CodeIgniter->runController()
 6 SYSTEMPATH/CodeIgniter.php(351): CodeIgniter\CodeIgniter->handleRequest()
 7 FCPATH/index.php(67): CodeIgniter\CodeIgniter->run()
CRITICAL - 2022-11-23 18:13:55 --> Class "Config\CodeIgniter\App\Validation\UserRules" not found
in SYSTEMPATH/Validation/Validation.php on line 586.
 1 SYSTEMPATH/Validation/Validation.php(122): CodeIgniter\Validation\Validation->loadRuleSets()
 2 SYSTEMPATH/Controller.php(140): CodeIgniter\Validation\Validation->run()
 3 APPPATH/Controllers/Users.php(24): CodeIgniter\Controller->validate()
 4 SYSTEMPATH/CodeIgniter.php(927): App\Controllers\Users->index()
 5 SYSTEMPATH/CodeIgniter.php(482): CodeIgniter\CodeIgniter->runController()
 6 SYSTEMPATH/CodeIgniter.php(351): CodeIgniter\CodeIgniter->handleRequest()
 7 FCPATH/index.php(67): CodeIgniter\CodeIgniter->run()
CRITICAL - 2022-11-23 18:15:16 --> Undefined array key "password"
in APPPATH/Validation/UserRules.php on line 16.
 1 APPPATH/Validation/UserRules.php(16): CodeIgniter\Debug\Exceptions->errorHandler()
 2 SYSTEMPATH/Validation/Validation.php(315): App\Validation\UserRules->validateUser()
 3 SYSTEMPATH/Validation/Validation.php(175): CodeIgniter\Validation\Validation->processRules()
 4 SYSTEMPATH/Controller.php(140): CodeIgniter\Validation\Validation->run()
 5 APPPATH/Controllers/Users.php(24): CodeIgniter\Controller->validate()
 6 SYSTEMPATH/CodeIgniter.php(927): App\Controllers\Users->index()
 7 SYSTEMPATH/CodeIgniter.php(482): CodeIgniter\CodeIgniter->runController()
 8 SYSTEMPATH/CodeIgniter.php(351): CodeIgniter\CodeIgniter->handleRequest()
 9 FCPATH/index.php(67): CodeIgniter\CodeIgniter->run()
CRITICAL - 2022-11-23 18:15:20 --> Undefined array key "password"
in APPPATH/Validation/UserRules.php on line 16.
 1 APPPATH/Validation/UserRules.php(16): CodeIgniter\Debug\Exceptions->errorHandler()
 2 SYSTEMPATH/Validation/Validation.php(315): App\Validation\UserRules->validateUser()
 3 SYSTEMPATH/Validation/Validation.php(175): CodeIgniter\Validation\Validation->processRules()
 4 SYSTEMPATH/Controller.php(140): CodeIgniter\Validation\Validation->run()
 5 APPPATH/Controllers/Users.php(24): CodeIgniter\Controller->validate()
 6 SYSTEMPATH/CodeIgniter.php(927): App\Controllers\Users->index()
 7 SYSTEMPATH/CodeIgniter.php(482): CodeIgniter\CodeIgniter->runController()
 8 SYSTEMPATH/CodeIgniter.php(351): CodeIgniter\CodeIgniter->handleRequest()
 9 FCPATH/index.php(67): CodeIgniter\CodeIgniter->run()
CRITICAL - 2022-11-23 18:19:46 --> Undefined array key "password"
in APPPATH/Validation/UserRules.php on line 16.
 1 APPPATH/Validation/UserRules.php(16): CodeIgniter\Debug\Exceptions->errorHandler()
 2 SYSTEMPATH/Validation/Validation.php(315): App\Validation\UserRules->validateUser()
 3 SYSTEMPATH/Validation/Validation.php(175): CodeIgniter\Validation\Validation->processRules()
 4 SYSTEMPATH/Controller.php(140): CodeIgniter\Validation\Validation->run()
 5 APPPATH/Controllers/Users.php(24): CodeIgniter\Controller->validate()
 6 SYSTEMPATH/CodeIgniter.php(927): App\Controllers\Users->index()
 7 SYSTEMPATH/CodeIgniter.php(482): CodeIgniter\CodeIgniter->runController()
 8 SYSTEMPATH/CodeIgniter.php(351): CodeIgniter\CodeIgniter->handleRequest()
 9 FCPATH/index.php(67): CodeIgniter\CodeIgniter->run()
CRITICAL - 2022-11-23 18:20:09 --> Undefined array key "password"
in APPPATH/Validation/UserRules.php on line 16.
 1 APPPATH/Validation/UserRules.php(16): CodeIgniter\Debug\Exceptions->errorHandler()
 2 SYSTEMPATH/Validation/Validation.php(315): App\Validation\UserRules->validateUser()
 3 SYSTEMPATH/Validation/Validation.php(175): CodeIgniter\Validation\Validation->processRules()
 4 SYSTEMPATH/Controller.php(140): CodeIgniter\Validation\Validation->run()
 5 APPPATH/Controllers/Users.php(24): CodeIgniter\Controller->validate()
 6 SYSTEMPATH/CodeIgniter.php(927): App\Controllers\Users->index()
 7 SYSTEMPATH/CodeIgniter.php(482): CodeIgniter\CodeIgniter->runController()
 8 SYSTEMPATH/CodeIgniter.php(351): CodeIgniter\CodeIgniter->handleRequest()
 9 FCPATH/index.php(67): CodeIgniter\CodeIgniter->run()
CRITICAL - 2022-11-23 18:20:14 --> Undefined array key "password"
in APPPATH/Validation/UserRules.php on line 16.
 1 APPPATH/Validation/UserRules.php(16): CodeIgniter\Debug\Exceptions->errorHandler()
 2 SYSTEMPATH/Validation/Validation.php(315): App\Validation\UserRules->validateUser()
 3 SYSTEMPATH/Validation/Validation.php(175): CodeIgniter\Validation\Validation->processRules()
 4 SYSTEMPATH/Controller.php(140): CodeIgniter\Validation\Validation->run()
 5 APPPATH/Controllers/Users.php(24): CodeIgniter\Controller->validate()
 6 SYSTEMPATH/CodeIgniter.php(927): App\Controllers\Users->index()
 7 SYSTEMPATH/CodeIgniter.php(482): CodeIgniter\CodeIgniter->runController()
 8 SYSTEMPATH/CodeIgniter.php(351): CodeIgniter\CodeIgniter->handleRequest()
 9 FCPATH/index.php(67): CodeIgniter\CodeIgniter->run()
